#
# There is insufficient memory for the Java Runtime Environment to continue.
# Native memory allocation (malloc) failed to allocate 1048576 bytes for AllocateHeap
# Possible reasons:
#   The system is out of physical RAM or swap space
#   The process is running with CompressedOops enabled, and the Java Heap may be blocking the growth of the native heap
# Possible solutions:
#   Reduce memory load on the system
#   Increase physical memory or swap space
#   Check if swap backing store is full
#   Decrease Java heap size (-Xmx/-Xms)
#   Decrease number of Java threads
#   Decrease Java thread stack sizes (-Xss)
#   Set larger code cache with -XX:ReservedCodeCacheSize=
#   JVM is running with Unscaled Compressed Oops mode in which the Java heap is
#     placed in the first 4GB address space. The Java Heap base address is the
#     maximum limit for the native heap growth. Please use -XX:HeapBaseMinAddress
#     to set the Java Heap base and to place the Java Heap above 4GB virtual address.
# This output file may be truncated or incomplete.
#
#  Out of Memory Error (allocation.cpp:44), pid=10260, tid=2024
#
# JRE version:  (17.0.10+7) (build )
# Java VM: OpenJDK 64-Bit Server VM (17.0.10+7-LTS, mixed mode, sharing, tiered, compressed oops, compressed class ptrs, g1 gc, windows-amd64)
# No core dump will be written. Minidumps are not enabled by default on client versions of Windows
#

---------------  S U M M A R Y ------------

Command Line: -Xmx64m -Xms64m -Dorg.gradle.appname=gradlew org.gradle.wrapper.GradleWrapperMain app:installDebug -PreactNativeDevServerPort=8081

Host: Intel(R) Core(TM) i5-5300U CPU @ 2.30GHz, 4 cores, 7G,  Windows 10 , 64 bit Build 19041 (10.0.19041.3636)
Time: Thu May  9 14:46:06 2024 Pakistan Standard Time elapsed time: 0.022389 seconds (0d 0h 0m 0s)

---------------  T H R E A D  ---------------

Current thread (0x0000019b864c9c50):  JavaThread "Unknown thread" [_thread_in_vm, id=2024, stack(0x0000000eece00000,0x0000000eecf00000)]

Stack: [0x0000000eece00000,0x0000000eecf00000]
Native frames: (J=compiled Java code, j=interpreted, Vv=VM code, C=native code)
V  [jvm.dll+0x67f829]
V  [jvm.dll+0x83750a]
V  [jvm.dll+0x838fce]
V  [jvm.dll+0x839633]
V  [jvm.dll+0x247cbf]
V  [jvm.dll+0xa6ca3]
V  [jvm.dll+0x2dc354]
V  [jvm.dll+0x808d5c]
V  [jvm.dll+0x36ec11]
V  [jvm.dll+0x7e7826]
V  [jvm.dll+0x3f245f]
V  [jvm.dll+0x3f4091]
C  [jli.dll+0x528f]
C  [ucrtbase.dll+0x21bb2]
C  [KERNEL32.DLL+0x17344]
C  [ntdll.dll+0x526b1]


---------------  P R O C E S S  ---------------

Threads class SMR info:
_java_thread_list=0x00007ffa9bc21ed8, length=0, elements={
}

Java Threads: ( => current thread )

Other Threads:

=>0x0000019b864c9c50 (exited) JavaThread "Unknown thread" [_thread_in_vm, id=2024, stack(0x0000000eece00000,0x0000000eecf00000)]

Threads with active compile tasks:

VM state: not at safepoint (not fully initialized)

VM Mutex/Monitor currently owned by a thread: None

Heap address: 0x0000000000000000, size: 0 MB, Compressed Oops mode: 32-bit

CDS archive(s) mapped at: [0x0000000000000000-0x0000000000000000-0x0000000000000000), size 0, SharedBaseAddress: 0x0000000800000000, ArchiveRelocationMode: 1.
Narrow klass base: 0x0000000000000000, Narrow klass shift: 0, Narrow klass range: 0x0

GC Precious Log:
<Empty>

GC Heap History (0 events):
No events

Dll operation events (1 events):
Event: 0.014 Loaded shared library C:\Program Files\Microsoft\jdk-17.0.10.7-hotspot\bin\java.dll

Deoptimization events (0 events):
No events

Classes unloaded (0 events):
No events

Classes redefined (0 events):
No events

Internal exceptions (0 events):
No events

VM Operations (0 events):
No events

Events (0 events):
No events


Dynamic libraries:
0x00007ff783aa0000 - 0x00007ff783aae000 	C:\Program Files\Microsoft\jdk-17.0.10.7-hotspot\bin\java.exe
0x00007ffacd5b0000 - 0x00007ffacd7a8000 	C:\Windows\SYSTEM32\ntdll.dll
0x00007ffacba80000 - 0x00007ffacbb3d000 	C:\Windows\System32\KERNEL32.DLL
0x00007ffacb190000 - 0x00007ffacb486000 	C:\Windows\System32\KERNELBASE.dll
0x00007ffacac90000 - 0x00007ffacad90000 	C:\Windows\System32\ucrtbase.dll
0x00007ffaac350000 - 0x00007ffaac367000 	C:\Program Files\Microsoft\jdk-17.0.10.7-hotspot\bin\jli.dll
0x00007ffaabca0000 - 0x00007ffaabcbb000 	C:\Program Files\Microsoft\jdk-17.0.10.7-hotspot\bin\VCRUNTIME140.dll
0x00007ffacc3e0000 - 0x00007ffacc57f000 	C:\Windows\System32\USER32.dll
0x00007ffacb160000 - 0x00007ffacb182000 	C:\Windows\System32\win32u.dll
0x00007ffacc6b0000 - 0x00007ffacc6db000 	C:\Windows\System32\GDI32.dll
0x00007ffabd400000 - 0x00007ffabd69a000 	C:\Windows\WinSxS\amd64_microsoft.windows.common-controls_6595b64144ccf1df_6.0.19041.3636_none_60b6a03d71f818d5\COMCTL32.dll
0x00007ffacaff0000 - 0x00007ffacb107000 	C:\Windows\System32\gdi32full.dll
0x00007ffaccc90000 - 0x00007ffaccd2e000 	C:\Windows\System32\msvcrt.dll
0x00007ffacb490000 - 0x00007ffacb52d000 	C:\Windows\System32\msvcp_win.dll
0x00007ffacc3a0000 - 0x00007ffacc3d2000 	C:\Windows\System32\IMM32.DLL
0x00007ffac6430000 - 0x00007ffac643c000 	C:\Program Files\Microsoft\jdk-17.0.10.7-hotspot\bin\vcruntime140_1.dll
0x00007ffaabb00000 - 0x00007ffaabb8d000 	C:\Program Files\Microsoft\jdk-17.0.10.7-hotspot\bin\msvcp140.dll
0x00007ffa9b0f0000 - 0x00007ffa9bd55000 	C:\Program Files\Microsoft\jdk-17.0.10.7-hotspot\bin\server\jvm.dll
0x00007ffacb5e0000 - 0x00007ffacb690000 	C:\Windows\System32\ADVAPI32.dll
0x00007ffacce40000 - 0x00007ffaccee0000 	C:\Windows\System32\sechost.dll
0x00007ffacb8b0000 - 0x00007ffacb9d3000 	C:\Windows\System32\RPCRT4.dll
0x00007ffacac60000 - 0x00007ffacac87000 	C:\Windows\System32\bcrypt.dll
0x00007ffaca1b0000 - 0x00007ffaca1fb000 	C:\Windows\SYSTEM32\POWRPROF.dll
0x00007ffaa7f50000 - 0x00007ffaa7f59000 	C:\Windows\SYSTEM32\WSOCK32.dll
0x00007ffabdbc0000 - 0x00007ffabdbe7000 	C:\Windows\SYSTEM32\WINMM.dll
0x00007ffabe300000 - 0x00007ffabe30a000 	C:\Windows\SYSTEM32\VERSION.dll
0x00007ffaccc20000 - 0x00007ffaccc8b000 	C:\Windows\System32\WS2_32.dll
0x00007ffaca020000 - 0x00007ffaca032000 	C:\Windows\SYSTEM32\UMPDC.dll
0x00007ffac9490000 - 0x00007ffac94a2000 	C:\Windows\SYSTEM32\kernel.appcore.dll
0x00007ffac6400000 - 0x00007ffac640a000 	C:\Program Files\Microsoft\jdk-17.0.10.7-hotspot\bin\jimage.dll
0x00007ffab57d0000 - 0x00007ffab59b4000 	C:\Windows\SYSTEM32\DBGHELP.DLL
0x00007ffab5790000 - 0x00007ffab57c4000 	C:\Windows\SYSTEM32\dbgcore.DLL
0x00007ffacae00000 - 0x00007ffacae82000 	C:\Windows\System32\bcryptPrimitives.dll
0x00007ffaabc70000 - 0x00007ffaabc95000 	C:\Program Files\Microsoft\jdk-17.0.10.7-hotspot\bin\java.dll

dbghelp: loaded successfully - version: 4.0.5 - missing functions: none
symbol engine: initialized successfully - sym options: 0x614 - pdb path: .;C:\Program Files\Microsoft\jdk-17.0.10.7-hotspot\bin;C:\Windows\SYSTEM32;C:\Windows\WinSxS\amd64_microsoft.windows.common-controls_6595b64144ccf1df_6.0.19041.3636_none_60b6a03d71f818d5;C:\Program Files\Microsoft\jdk-17.0.10.7-hotspot\bin\server

VM Arguments:
jvm_args: -Xmx64m -Xms64m -Dorg.gradle.appname=gradlew 
java_command: org.gradle.wrapper.GradleWrapperMain app:installDebug -PreactNativeDevServerPort=8081
java_class_path (initial): E:\Final Year Project\Phase 2\Application\React Native App\DairyPureApp\android\\gradle\wrapper\gradle-wrapper.jar
Launcher Type: SUN_STANDARD

[Global flags]
     intx CICompilerCount                          = 3                                         {product} {ergonomic}
     uint ConcGCThreads                            = 1                                         {product} {ergonomic}
     uint G1ConcRefinementThreads                  = 4                                         {product} {ergonomic}
   size_t G1HeapRegionSize                         = 1048576                                   {product} {ergonomic}
    uintx GCDrainStackTargetSize                   = 64                                        {product} {ergonomic}
   size_t InitialHeapSize                          = 67108864                                  {product} {command line}
   size_t MarkStackSize                            = 4194304                                   {product} {ergonomic}
   size_t MaxHeapSize                              = 67108864                                  {product} {command line}
   size_t MinHeapDeltaBytes                        = 1048576                                   {product} {ergonomic}
   size_t MinHeapSize                              = 67108864                                  {product} {command line}
    uintx NonNMethodCodeHeapSize                   = 5832780                                {pd product} {ergonomic}
    uintx NonProfiledCodeHeapSize                  = 122912730                              {pd product} {ergonomic}
    uintx ProfiledCodeHeapSize                     = 122912730                              {pd product} {ergonomic}
    uintx ReservedCodeCacheSize                    = 251658240                              {pd product} {ergonomic}
     bool SegmentedCodeCache                       = true                                      {product} {ergonomic}
   size_t SoftMaxHeapSize                          = 67108864                               {manageable} {ergonomic}
     bool UseCompressedClassPointers               = true                           {product lp64_product} {ergonomic}
     bool UseCompressedOops                        = true                           {product lp64_product} {ergonomic}
     bool UseG1GC                                  = true                                      {product} {ergonomic}
     bool UseLargePagesIndividualAllocation        = false                                  {pd product} {ergonomic}

Logging:
Log output configuration:
 #0: stdout all=warning uptime,level,tags
 #1: stderr all=off uptime,level,tags

Environment Variables:
JAVA_HOME=C:\Program Files\Microsoft\jdk-17.0.10.7-hotspot
CLASSPATH=E:\Final Year Project\Phase 2\Application\React Native App\DairyPureApp\android\\gradle\wrapper\gradle-wrapper.jar
PATH=E:\Final Year Project\Phase 2\Application\React Native App\DairyPureApp\node_modules\.bin;E:\Final Year Project\Phase 2\Application\React Native App\DairyPureApp\node_modules\.bin;E:\Final Year Project\Phase 2\Application\React Native App\node_modules\.bin;E:\Final Year Project\Phase 2\Application\node_modules\.bin;E:\Final Year Project\Phase 2\node_modules\.bin;E:\Final Year Project\node_modules\.bin;E:\node_modules\.bin;C:\Users\Muhammad Ali Khan\AppData\Roaming\npm\node_modules\npm\node_modules\@npmcli\run-script\lib\node-gyp-bin;C:\Users\Muhammad Ali Khan\bin;C:\Program Files\Git\mingw64\bin;C:\Program Files\Git\usr\local\bin;C:\Program Files\Git\usr\bin;C:\Program Files\Git\usr\bin;C:\Program Files\Git\mingw64\bin;C:\Program Files\Git\usr\bin;C:\Users\Muhammad Ali Khan\bin;C:\Program Files\Microsoft\jdk-17.0.10.7-hotspot\bin;C:\Python311\Scripts;C:\Python311;C:\Windows\system32;C:\Windows;C:\Windows\System32\Wbem;C:\Windows\System32\WindowsPowerShell\v1.0;C:\Windows\System32\OpenSSH;C:\ProgramData\chocolatey\bin;C:\Program Files\Git\cmd;C:\Program Files\dotnet;%LOCALAPPDATA%\androidsdk\platform-tools;C:\ProgramData\chocolatey;C:\Users\Muhammad Ali Khan\AppData\Roaming\nvm;C:\Program Files\nodejs;C:\Program Files\MySQL\MySQL Server 8.0\bin;C:\Program Files\nodejs;C:\Users\Muhammad Ali Khan\AppData\Local\Android\Sdk\build-tools;C:\Users\Muhammad Ali Khan\AppData\Local\Android\Sdk\platforms;C:\Users\Muhammad Ali Khan\AppData\Local\Android\Sdk\platform-tools;C:\Users\Muhammad Ali Khan\AppData\Local\Android\Sdk\tools;C:\Users\Muhammad Ali Khan\.gradle;C:\Users\Muhammad Ali Khan\AppData\Local\Android\Sdk;C:\Users\Muhammad Ali Khan\AppData\Local\Android\Sdk\cmdline-tools;C:\Users\Muhammad Ali Khan\AppData\Local\Android\Sdk\emulator;C:\Users\Muhammad Ali Khan\AppData\Local\Android\Sdk\system-images;C:\Users\Muhammad Ali Khan\AppData\Local\Android\Sdk\tools\bin;C:\Users\Muhammad Ali Khan\.android\avd;C:\Users\Muhammad Ali Khan\AppData\Local\Microsoft\WindowsApps;C:\Us
USERNAME=Muhammad Ali Khan
SHELL=C:\Program Files\Git\usr\bin\bash.exe
DISPLAY=needs-to-be-defined
LC_CTYPE=en_US.UTF-8
TERM=xterm
TMPDIR=C:\Users\MUHAMM~1\AppData\Local\Temp
OS=Windows_NT
PROCESSOR_IDENTIFIER=Intel64 Family 6 Model 61 Stepping 4, GenuineIntel
TMP=C:\Users\MUHAMM~1\AppData\Local\Temp
TEMP=C:\Users\MUHAMM~1\AppData\Local\Temp



Periodic native trim disabled


---------------  S Y S T E M  ---------------

OS:
 Windows 10 , 64 bit Build 19041 (10.0.19041.3636)
OS uptime: 0 days 0:35 hours
Hyper-V role detected

CPU: total 4 (initial active 4) (2 cores per cpu, 2 threads per core) family 6 model 61 stepping 4 microcode 0x2f, cx8, cmov, fxsr, ht, mmx, 3dnowpref, sse, sse2, sse3, ssse3, sse4.1, sse4.2, popcnt, lzcnt, tsc, tscinvbit, avx, avx2, aes, erms, clmul, bmi1, bmi2, rtm, adx, fma, vzeroupper, clflush, hv
Processor Information for all 4 processors :
  Max Mhz: 2301, Current Mhz: 2301, Mhz Limit: 2301

Memory: 4k page, system-wide physical 7587M (1063M free)
TotalPageFile size 10457M (AvailPageFile size 4M)
current process WorkingSet (physical memory assigned to process): 9M, peak: 9M
current process commit charge ("private bytes"): 11M, peak: 12M

vm_info: OpenJDK 64-Bit Server VM (17.0.10+7-LTS) for windows-amd64 JRE (17.0.10+7-LTS), built on Jan 10 2024 19:47:12 by "MicrosoftCorporation" with MS VC++ 16.10 / 16.11 (VS2019)

END.
